<?xml version="1.0" encoding="UTF-8"?>
<testng-results ignored="0" total="1" passed="1" failed="0" skipped="0">
  <reporter-output>
  </reporter-output>
  <suite started-at="2024-03-24T18:15:46 IST" name="Default suite" finished-at="2024-03-24T18:15:57 IST" duration-ms="10272">
    <groups>
    </groups>
    <test started-at="2024-03-24T18:15:46 IST" name="Default test" finished-at="2024-03-24T18:15:57 IST" duration-ms="10272">
      <class name="com.testscenarios.FaceBookLogin">
        <test-method signature="login()[pri:0, instance:com.testscenarios.FaceBookLogin@436813f3]" started-at="2024-03-24T18:15:46 IST" name="login" finished-at="2024-03-24T18:15:57 IST" duration-ms="10225" status="PASS">
          <reporter-output>
          </reporter-output>
        </test-method> <!-- login -->
      </class> <!-- com.testscenarios.FaceBookLogin -->
    </test> <!-- Default test -->
  </suite> <!-- Default suite -->
</testng-results>
